<?xml version="1.0" encoding="UTF-8"?>
<!-- Generated by org.testng.reporters.JUnitReportReporter -->
<testsuite skipped="0" hostname="DEV_TEST_MUNI" name="com.gmail.testCases.LoginPageTest" tests="2" failures="0" timestamp="10 Dec 2018 09:41:03 GMT" time="6.531" errors="0">
  <testcase name="t01_loginPageTitleTest" time="0.077" classname="com.gmail.testCases.LoginPageTest"/>
  <testcase name="t02_loginTest" time="6.454" classname="com.gmail.testCases.LoginPageTest"/>
</testsuite> <!-- com.gmail.testCases.LoginPageTest -->
